This is pdfTeX, Version 3.1415926-2.3-1.40.12 (MiKTeX 2.9) (preloaded format=pdflatex 2015.3.25)  6 MAY 2015 20:00
entering extended mode
**C:/Users/SeanGeek/Documents/Visual*Studio*2013/Projects/PedestrainDetection/P
edestrainDetection/PedestrainCounting/report/FinalReport.tex

("C:/Users/SeanGeek/Documents/Visual Studio 2013/Projects/PedestrainDetection/P
edestrainDetection/PedestrainCounting/report/FinalReport.tex"
LaTeX2e <2011/06/27>
Babel <v3.8m> and hyphenation patterns for loaded.
(C:\CTEX\MiKTeX\tex\latex\base\article.cls
Document Class: article 2007/10/19 v1.4h Standard LaTeX document class
(C:\CTEX\MiKTeX\tex\latex\base\size10.clo
File: size10.clo 2007/10/19 v1.4h Standard LaTeX file (size option)
)
\c@part=\count79
\c@section=\count80
\c@subsection=\count81
\c@subsubsection=\count82
\c@paragraph=\count83
\c@subparagraph=\count84
\c@figure=\count85
\c@table=\count86
\abovecaptionskip=\skip41
\belowcaptionskip=\skip42
\bibindent=\dimen102
)
(C:\CTEX\MiKTeX\tex\latex\graphics\graphicx.sty
Package: graphicx 1999/02/16 v1.0f Enhanced LaTeX Graphics (DPC,SPQR)

(C:\CTEX\MiKTeX\tex\latex\graphics\keyval.sty
Package: keyval 1999/03/16 v1.13 key=value parser (DPC)
\KV@toks@=\toks14
)
(C:\CTEX\MiKTeX\tex\latex\graphics\graphics.sty
Package: graphics 2009/02/05 v1.0o Standard LaTeX Graphics (DPC,SPQR)

(C:\CTEX\MiKTeX\tex\latex\graphics\trig.sty
Package: trig 1999/03/16 v1.09 sin cos tan (DPC)
)
(C:\CTEX\MiKTeX\tex\latex\00miktex\graphics.cfg
File: graphics.cfg 2007/01/18 v1.5 graphics configuration of teTeX/TeXLive
)
Package graphics Info: Driver file: pdftex.def on input line 91.

(C:\CTEX\MiKTeX\tex\latex\pdftex-def\pdftex.def
File: pdftex.def 2011/05/27 v0.06d Graphics/color for pdfTeX

(C:\CTEX\MiKTeX\tex\generic\oberdiek\infwarerr.sty
Package: infwarerr 2010/04/08 v1.3 Providing info/warning/message (HO)
)
(C:\CTEX\MiKTeX\tex\generic\oberdiek\ltxcmds.sty
Package: ltxcmds 2011/04/18 v1.20 LaTeX kernel commands for general use (HO)
)
\Gread@gobject=\count87
))
\Gin@req@height=\dimen103
\Gin@req@width=\dimen104
)
(C:\CTEX\MiKTeX\tex\latex\geometry\geometry.sty
Package: geometry 2010/09/12 v5.6 Page Geometry

(C:\CTEX\MiKTeX\tex\generic\oberdiek\ifpdf.sty
Package: ifpdf 2011/01/30 v2.3 Provides the ifpdf switch (HO)
Package ifpdf Info: pdfTeX in PDF mode is detected.
)
(C:\CTEX\MiKTeX\tex\generic\oberdiek\ifvtex.sty
Package: ifvtex 2010/03/01 v1.5 Switches for detecting VTeX and its modes (HO)
Package ifvtex Info: VTeX not detected.
)
(C:\CTEX\MiKTeX\tex\generic\ifxetex\ifxetex.sty
Package: ifxetex 2010/09/12 v0.6 Provides ifxetex conditional
)
\Gm@cnth=\count88
\Gm@cntv=\count89
\c@Gm@tempcnt=\count90
\Gm@bindingoffset=\dimen105
\Gm@wd@mp=\dimen106
\Gm@odd@mp=\dimen107
\Gm@even@mp=\dimen108
\Gm@layoutwidth=\dimen109
\Gm@layoutheight=\dimen110
\Gm@layouthoffset=\dimen111
\Gm@layoutvoffset=\dimen112
\Gm@dimlist=\toks15

(C:\CTEX\MiKTeX\tex\latex\geometry\geometry.cfg))
(C:\CTEX\MiKTeX\tex\latex\hyperref\hyperref.sty
Package: hyperref 2012/02/06 v6.82o Hypertext links for LaTeX

(C:\CTEX\MiKTeX\tex\generic\oberdiek\hobsub-hyperref.sty
Package: hobsub-hyperref 2011/04/23 v1.4 Bundle oberdiek, subset hyperref (HO)

(C:\CTEX\MiKTeX\tex\generic\oberdiek\hobsub-generic.sty
Package: hobsub-generic 2011/04/23 v1.4 Bundle oberdiek, subset generic (HO)
Package: hobsub 2011/04/23 v1.4 Subsetting bundle oberdiek (HO)
Package hobsub Info: Skipping package `infwarerr' (already loaded).
Package hobsub Info: Skipping package `ltxcmds' (already loaded).
Package: ifluatex 2010/03/01 v1.3 Provides the ifluatex switch (HO)
Package ifluatex Info: LuaTeX not detected.
Package hobsub Info: Skipping package `ifvtex' (already loaded).
Package: intcalc 2007/09/27 v1.1 Expandable integer calculations (HO)
Package hobsub Info: Skipping package `ifpdf' (already loaded).
Package: etexcmds 2011/02/16 v1.5 Prefix for e-TeX command names (HO)
Package etexcmds Info: Could not find \expanded.
(etexcmds)             That can mean that you are not using pdfTeX 1.50 or
(etexcmds)             that some package has redefined \expanded.
(etexcmds)             In the latter case, load this package earlier.
Package: kvsetkeys 2011/04/07 v1.13 Key value parser (HO)
Package: kvdefinekeys 2011/04/07 v1.3 Defining keys (HO)
Package: pdftexcmds 2011/04/22 v0.16 Utilities of pdfTeX for LuaTeX (HO)
Package pdftexcmds Info: LuaTeX not detected.
Package pdftexcmds Info: \pdf@primitive is available.
Package pdftexcmds Info: \pdf@ifprimitive is available.
Package pdftexcmds Info: \pdfdraftmode found.
Package: pdfescape 2011/04/04 v1.12 Provides string conversions (HO)
Package: bigintcalc 2011/01/30 v1.2 Expandable big integer calculations (HO)
Package: bitset 2011/01/30 v1.1 Data type bit set (HO)
Package: uniquecounter 2011/01/30 v1.2 Provides unlimited unique counter (HO)
)
Package hobsub Info: Skipping package `hobsub' (already loaded).
Package: letltxmacro 2010/09/02 v1.4 Let assignment for LaTeX macros (HO)
Package: hopatch 2011/01/30 v1.0 Wrapper for package hooks (HO)
Package: xcolor-patch 2011/01/30 xcolor patch
Package: atveryend 2011/04/23 v1.7 Hooks at very end of document (HO)
Package: atbegshi 2011/01/30 v1.15 At begin shipout hook (HO)
Package: refcount 2010/12/01 v3.2 Data extraction from references (HO)
Package: hycolor 2011/01/30 v1.7 Color options of hyperref/bookmark (HO)
)
(C:\CTEX\MiKTeX\tex\latex\oberdiek\kvoptions.sty
Package: kvoptions 2010/12/23 v3.10 Keyval support for LaTeX options (HO)
)
\@linkdim=\dimen113
\Hy@linkcounter=\count91
\Hy@pagecounter=\count92

(C:\CTEX\MiKTeX\tex\latex\hyperref\pd1enc.def
File: pd1enc.def 2012/02/06 v6.82o Hyperref: PDFDocEncoding definition (HO)
)
\Hy@SavedSpaceFactor=\count93

(C:\CTEX\MiKTeX\tex\latex\00miktex\hyperref.cfg
File: hyperref.cfg 2002/06/06 v1.2 hyperref configuration of TeXLive
)
Package hyperref Info: Option `colorlinks' set `true' on input line 3925.
Package hyperref Info: Hyper figures OFF on input line 4046.
Package hyperref Info: Link nesting OFF on input line 4051.
Package hyperref Info: Hyper index ON on input line 4054.
Package hyperref Info: Plain pages OFF on input line 4061.
Package hyperref Info: Backreferencing OFF on input line 4066.
Package hyperref Info: Implicit mode ON; LaTeX internals redefined.
Package hyperref Info: Bookmarks ON on input line 4284.
\c@Hy@tempcnt=\count94

(C:\CTEX\MiKTeX\tex\latex\ltxmisc\url.sty
\Urlmuskip=\muskip10
Package: url 2006/04/12  ver 3.3  Verb mode for urls, etc.
)
LaTeX Info: Redefining \url on input line 4637.
\Fld@menulength=\count95
\Field@Width=\dimen114
\Fld@charsize=\dimen115
Package hyperref Info: Hyper figures OFF on input line 5757.
Package hyperref Info: Link nesting OFF on input line 5762.
Package hyperref Info: Hyper index ON on input line 5765.
Package hyperref Info: backreferencing OFF on input line 5772.
Package hyperref Info: Link coloring ON on input line 5775.
Package hyperref Info: Link coloring with OCG OFF on input line 5782.
Package hyperref Info: PDF/A mode OFF on input line 5787.
LaTeX Info: Redefining \ref on input line 5827.
LaTeX Info: Redefining \pageref on input line 5831.
\Hy@abspage=\count96
\c@Item=\count97
\c@Hfootnote=\count98
)

Package hyperref Message: Driver (autodetected): hpdftex.

(C:\CTEX\MiKTeX\tex\latex\hyperref\hpdftex.def
File: hpdftex.def 2012/02/06 v6.82o Hyperref driver for pdfTeX
\Fld@listcount=\count99
\c@bookmark@seq@number=\count100

(C:\CTEX\MiKTeX\tex\latex\oberdiek\rerunfilecheck.sty
Package: rerunfilecheck 2011/04/15 v1.7 Rerun checks for auxiliary files (HO)
Package uniquecounter Info: New unique counter `rerunfilecheck' on input line 2
82.
)
\Hy@SectionHShift=\skip43
)
(C:\CTEX\MiKTeX\tex\latex\ams\math\amsmath.sty
Package: amsmath 2000/07/18 v2.13 AMS math features
\@mathmargin=\skip44

For additional information on amsmath, use the `?' option.
(C:\CTEX\MiKTeX\tex\latex\ams\math\amstext.sty
Package: amstext 2000/06/29 v2.01

(C:\CTEX\MiKTeX\tex\latex\ams\math\amsgen.sty
File: amsgen.sty 1999/11/30 v2.0
\@emptytoks=\toks16
\ex@=\dimen116
))
(C:\CTEX\MiKTeX\tex\latex\ams\math\amsbsy.sty
Package: amsbsy 1999/11/29 v1.2d
\pmbraise@=\dimen117
)
(C:\CTEX\MiKTeX\tex\latex\ams\math\amsopn.sty
Package: amsopn 1999/12/14 v2.01 operator names
)
\inf@bad=\count101
LaTeX Info: Redefining \frac on input line 211.
\uproot@=\count102
\leftroot@=\count103
LaTeX Info: Redefining \overline on input line 307.
\classnum@=\count104
\DOTSCASE@=\count105
LaTeX Info: Redefining \ldots on input line 379.
LaTeX Info: Redefining \dots on input line 382.
LaTeX Info: Redefining \cdots on input line 467.
\Mathstrutbox@=\box26
\strutbox@=\box27
\big@size=\dimen118
LaTeX Font Info:    Redeclaring font encoding OML on input line 567.
LaTeX Font Info:    Redeclaring font encoding OMS on input line 568.
\macc@depth=\count106
\c@MaxMatrixCols=\count107
\dotsspace@=\muskip11
\c@parentequation=\count108
\dspbrk@lvl=\count109
\tag@help=\toks17
\row@=\count110
\column@=\count111
\maxfields@=\count112
\andhelp@=\toks18
\eqnshift@=\dimen119
\alignsep@=\dimen120
\tagshift@=\dimen121
\tagwidth@=\dimen122
\totwidth@=\dimen123
\lineht@=\dimen124
\@envbody=\toks19
\multlinegap=\skip45
\multlinetaggap=\skip46
\mathdisplay@stack=\toks20
LaTeX Info: Redefining \[ on input line 2666.
LaTeX Info: Redefining \] on input line 2667.
)
(C:\CTEX\MiKTeX\tex\latex\listings\listings.sty
\lst@mode=\count113
\lst@gtempboxa=\box28
\lst@token=\toks21
\lst@length=\count114
\lst@currlwidth=\dimen125
\lst@column=\count115
\lst@pos=\count116
\lst@lostspace=\dimen126
\lst@width=\dimen127
\lst@newlines=\count117
\lst@lineno=\count118
\lst@maxwidth=\dimen128

(C:\CTEX\MiKTeX\tex\latex\listings\lstmisc.sty
File: lstmisc.sty 2007/02/22 1.4 (Carsten Heinz)
\c@lstnumber=\count119
\lst@skipnumbers=\count120
\lst@framebox=\box29
)
(C:\CTEX\MiKTeX\tex\latex\listings\listings.cfg
File: listings.cfg 2007/02/22 1.4 listings configuration
))
Package: listings 2007/02/22 1.4 (Carsten Heinz)

(C:\CTEX\MiKTeX\tex\latex\xcolor\xcolor.sty
Package: xcolor 2007/01/21 v2.11 LaTeX color extensions (UK)

(C:\CTEX\MiKTeX\tex\latex\00miktex\color.cfg
File: color.cfg 2007/01/18 v1.5 color configuration of teTeX/TeXLive
)
Package xcolor Info: Driver file: pdftex.def on input line 225.
Package xcolor Info: Model `cmy' substituted by `cmy0' on input line 1337.
Package xcolor Info: Model `hsb' substituted by `rgb' on input line 1341.
Package xcolor Info: Model `RGB' extended on input line 1353.
Package xcolor Info: Model `HTML' substituted by `rgb' on input line 1355.
Package xcolor Info: Model `Hsb' substituted by `hsb' on input line 1356.
Package xcolor Info: Model `tHsb' substituted by `hsb' on input line 1357.
Package xcolor Info: Model `HSB' substituted by `hsb' on input line 1358.
Package xcolor Info: Model `Gray' substituted by `gray' on input line 1359.
Package xcolor Info: Model `wave' substituted by `hsb' on input line 1360.
)
(C:\CTEX\MiKTeX\tex\latex\subfigure\subfigure.sty
Package: subfigure 2002/07/30 v2.1.4 subfigure package
\subfigtopskip=\skip47
\subfigcapskip=\skip48
\subfigcaptopadj=\dimen129
\subfigbottomskip=\skip49
\subfigcapmargin=\dimen130
\subfiglabelskip=\skip50
\c@subfigure=\count121
\c@lofdepth=\count122
\c@subtable=\count123
\c@lotdepth=\count124

****************************************
* Local config file subfigure.cfg used *
****************************************
(C:\CTEX\MiKTeX\tex\latex\subfigure\subfigure.cfg)
\subfig@top=\skip51
\subfig@bottom=\skip52
)
(C:\CTEX\MiKTeX\tex\latex\listings\lstlang1.sty
File: lstlang1.sty 2004/09/05 1.3 listings language file
)
(C:\CTEX\MiKTeX\tex\latex\listings\lstlang1.sty
File: lstlang1.sty 2004/09/05 1.3 listings language file
)
(C:\CTEX\MiKTeX\tex\latex\listings\lstmisc.sty
File: lstmisc.sty 2007/02/22 1.4 (Carsten Heinz)
)
("C:\Users\SeanGeek\Documents\Visual Studio 2013\Projects\PedestrainDetection\P
edestrainDetection\PedestrainCounting\report\FinalReport.aux")
LaTeX Font Info:    Checking defaults for OML/cmm/m/it on input line 23.
LaTeX Font Info:    ... okay on input line 23.
LaTeX Font Info:    Checking defaults for T1/cmr/m/n on input line 23.
LaTeX Font Info:    ... okay on input line 23.
LaTeX Font Info:    Checking defaults for OT1/cmr/m/n on input line 23.
LaTeX Font Info:    ... okay on input line 23.
LaTeX Font Info:    Checking defaults for OMS/cmsy/m/n on input line 23.
LaTeX Font Info:    ... okay on input line 23.
LaTeX Font Info:    Checking defaults for OMX/cmex/m/n on input line 23.
LaTeX Font Info:    ... okay on input line 23.
LaTeX Font Info:    Checking defaults for U/cmr/m/n on input line 23.
LaTeX Font Info:    ... okay on input line 23.
LaTeX Font Info:    Checking defaults for PD1/pdf/m/n on input line 23.
LaTeX Font Info:    ... okay on input line 23.

(C:\CTEX\MiKTeX\tex\context\base\supp-pdf.mkii
[Loading MPS to PDF converter (version 2006.09.02).]
\scratchcounter=\count125
\scratchdimen=\dimen131
\scratchbox=\box30
\nofMPsegments=\count126
\nofMParguments=\count127
\everyMPshowfont=\toks22
\MPscratchCnt=\count128
\MPscratchDim=\dimen132
\MPnumerator=\count129
\makeMPintoPDFobject=\count130
\everyMPtoPDFconversion=\toks23
)
*geometry* driver: auto-detecting
*geometry* detected driver: pdftex
*geometry* verbose mode - [ preamble ] result:
* driver: pdftex
* paper: a4paper
* layout: <same size as paper>
* layoutoffset:(h,v)=(0.0pt,0.0pt)
* modes: 
* h-part:(L,W,R)=(72.26999pt, 452.9679pt, 72.26999pt)
* v-part:(T,H,B)=(72.26999pt, 700.50687pt, 72.26999pt)
* \paperwidth=597.50787pt
* \paperheight=845.04684pt
* \textwidth=452.9679pt
* \textheight=700.50687pt
* \oddsidemargin=0.0pt
* \evensidemargin=0.0pt
* \topmargin=-37.0pt
* \headheight=12.0pt
* \headsep=25.0pt
* \topskip=10.0pt
* \footskip=30.0pt
* \marginparwidth=57.0pt
* \marginparsep=11.0pt
* \columnsep=10.0pt
* \skip\footins=9.0pt plus 4.0pt minus 2.0pt
* \hoffset=0.0pt
* \voffset=0.0pt
* \mag=1000
* \@twocolumnfalse
* \@twosidefalse
* \@mparswitchfalse
* \@reversemarginfalse
* (1in=72.27pt=25.4mm, 1cm=28.453pt)

\AtBeginShipoutBox=\box31
Package hyperref Info: Link coloring ON on input line 23.
(C:\CTEX\MiKTeX\tex\latex\hyperref\nameref.sty
Package: nameref 2010/04/30 v2.40 Cross-referencing by name of section

(C:\CTEX\MiKTeX\tex\generic\oberdiek\gettitlestring.sty
Package: gettitlestring 2010/12/03 v1.4 Cleanup title references (HO)
)
\c@section@level=\count131
)
LaTeX Info: Redefining \ref on input line 23.
LaTeX Info: Redefining \pageref on input line 23.
LaTeX Info: Redefining \nameref on input line 23.

("C:\Users\SeanGeek\Documents\Visual Studio 2013\Projects\PedestrainDetection\P
edestrainDetection\PedestrainCounting\report\FinalReport.out")
("C:\Users\SeanGeek\Documents\Visual Studio 2013\Projects\PedestrainDetection\P
edestrainDetection\PedestrainCounting\report\FinalReport.out")
\@outlinefile=\write3
\c@lstlisting=\count132
LaTeX Font Info:    Try loading font information for OMS+cmr on input line 41.

(C:\CTEX\MiKTeX\tex\latex\base\omscmr.fd
File: omscmr.fd 1999/05/25 v2.5h Standard LaTeX font definitions
)
LaTeX Font Info:    Font shape `OMS/cmr/m/n' in size <10> not available
(Font)              Font shape `OMS/cmsy/m/n' tried instead on input line 41.
 [1

{C:/CTEX/UserData/pdftex/config/pdftex.map{Unicode.sfd}{UGBK.sfd}}]
<images/ImageDetector.jpg, id=27, 770.88pt x 578.16pt>
File: images/ImageDetector.jpg Graphic file (type jpg)

<use images/ImageDetector.jpg>
Package pdftex.def Info: images/ImageDetector.jpg used on input line 152.
(pdftex.def)             Requested size: 226.48395pt x 169.85878pt.

<images/BKGCutDetector.jpg, id=28, 770.88pt x 578.16pt>
File: images/BKGCutDetector.jpg Graphic file (type jpg)

<use images/BKGCutDetector.jpg>
Package pdftex.def Info: images/BKGCutDetector.jpg used on input line 158.
(pdftex.def)             Requested size: 226.48395pt x 169.85878pt.

Overfull \hbox (6.66666pt too wide) in paragraph at lines 152--159
 [][][] 
 []

[2]
Overfull \hbox (25.94405pt too wide) in paragraph at lines 195--196
\OT1/cmr/m/n/10 er. For clas-si-fy, it us-es [][][] to ex-trac-t the fea-ture a
nd send-s it to [][][]
 []

[3pdfTeX warning (ext4): destination with the same identifier (name{equation.0.
1}) has been already used, duplicate ignored

\AtBegShi@Output ...ipout \box \AtBeginShipoutBox 
                                                  \fi \fi 
l.215 \end{align}
                 pdfTeX warning (ext4): destination with the same identifier (n
ame{equation.0.2}) has been already used, duplicate ignored

\AtBegShi@Output ...ipout \box \AtBeginShipoutBox 
                                                  \fi \fi 
l.215 \end{align}
                  <C:/Users/SeanGeek/Documents/Visual Studio 2013/Projects/Pede
strainDetection/PedestrainDetection/PedestrainCounting/report/images/ImageDetec
tor.jpg> <C:/Users/SeanGeek/Documents/Visual Studio 2013/Projects/PedestrainDet
ection/PedestrainDetection/PedestrainCounting/report/images/BKGCutDetector.jpg>
]pdfTeX warning (ext4): destination with the same identifier (name{equation.0.4
}) has been already used, duplicate ignored
<to be read again> 
                   \relax 
l.220 \begin{equation}
                      pdfTeX warning (ext4): destination with the same identifi
er (name{equation.0.1}) has been already used, duplicate ignored
<to be read again> 
                   \relax 
l.252 \end{align}
                 pdfTeX warning (ext4): destination with the same identifier (n
ame{equation.0.2}) has been already used, duplicate ignored
<to be read again> 
                   \relax 
l.252 \end{align}
                  <images/SingleSampler.jpg, id=64, 770.88pt x 578.16pt>
File: images/SingleSampler.jpg Graphic file (type jpg)

<use images/SingleSampler.jpg>
Package pdftex.def Info: images/SingleSampler.jpg used on input line 275.
(pdftex.def)             Requested size: 226.48395pt x 169.85878pt.
 [4pdfTeX warning (ext4): destination with the same identifier (name{equation.0
.3}) has been already used, duplicate ignored

\AtBegShi@Output ...ipout \box \AtBeginShipoutBox 
                                                  \fi \fi 
l.310 W
       e can see that the classifier works quite good in Figure~\ref{fig:par...
pdfTeX warning (ext4): destination with the same identifier (name{equation.0.1}
) has been already used, duplicate ignored

\AtBegShi@Output ...ipout \box \AtBeginShipoutBox 
                                                  \fi \fi 
l.310 W
       e can see that the classifier works quite good in Figure~\ref{fig:par...
pdfTeX warning (ext4): destination with the same identifier (name{equation.0.2}
) has been already used, duplicate ignored

\AtBegShi@Output ...ipout \box \AtBeginShipoutBox 
                                                  \fi \fi 
l.310 W
       e can see that the classifier works quite good in Figure~\ref{fig:par...
] <images/ParticlesConfidence.jpg, id=78, 770.88pt x 578.16pt>
File: images/ParticlesConfidence.jpg Graphic file (type jpg)

<use images/ParticlesConfidence.jpg>
Package pdftex.def Info: images/ParticlesConfidence.jpg used on input line 319.

(pdftex.def)             Requested size: 226.48395pt x 169.85878pt.

Overfull \hbox (1.00496pt too wide) in paragraph at lines 329--330
[]\OT1/cmr/m/n/10 From Fig-ure []4[] we can see that the cur-ren-t clas-si-fi-e
r can stil-l not dis-tin-guish d-if-fer-en-t pedestrain-
 []

<images/SingleTrackerGrayExchange01.jpg, id=84, 578.16pt x 433.62pt>
File: images/SingleTrackerGrayExchange01.jpg Graphic file (type jpg)

<use images/SingleTrackerGrayExchange01.jpg>
Package pdftex.def Info: images/SingleTrackerGrayExchange01.jpg used on input l
ine 342.
(pdftex.def)             Requested size: 226.48395pt x 169.85878pt.

<images/SingleTrackerGrayExchange02.jpg, id=85, 578.16pt x 433.62pt>
File: images/SingleTrackerGrayExchange02.jpg Graphic file (type jpg)

<use images/SingleTrackerGrayExchange02.jpg>
Package pdftex.def Info: images/SingleTrackerGrayExchange02.jpg used on input l
ine 348.
(pdftex.def)             Requested size: 226.48395pt x 169.85878pt.

Overfull \hbox (6.66666pt too wide) in paragraph at lines 342--349
 [][][] 
 []

<images/SingleTrackerRGIExchange01.jpg, id=86, 578.16pt x 433.62pt>
File: images/SingleTrackerRGIExchange01.jpg Graphic file (type jpg)

<use images/SingleTrackerRGIExchange01.jpg>
Package pdftex.def Info: images/SingleTrackerRGIExchange01.jpg used on input li
ne 361.
(pdftex.def)             Requested size: 226.48395pt x 169.85878pt.

<images/SingleTrackerRGIExchange02.jpg, id=87, 578.16pt x 433.62pt>
File: images/SingleTrackerRGIExchange02.jpg Graphic file (type jpg)

<use images/SingleTrackerRGIExchange02.jpg>
Package pdftex.def Info: images/SingleTrackerRGIExchange02.jpg used on input li
ne 367.
(pdftex.def)             Requested size: 226.48395pt x 169.85878pt.

Overfull \hbox (6.66666pt too wide) in paragraph at lines 361--368
 [][][] 
 []

[5 <C:/Users/SeanGeek/Documents/Visual Studio 2013/Projects/PedestrainDetection
/PedestrainDetection/PedestrainCounting/report/images/SingleSampler.jpg> <C:/Us
ers/SeanGeek/Documents/Visual Studio 2013/Projects/PedestrainDetection/Pedestra
inDetection/PedestrainCounting/report/images/ParticlesConfidence.jpg>] [6 <C:/U
sers/SeanGeek/Documents/Visual Studio 2013/Projects/PedestrainDetection/Pedestr
ainDetection/PedestrainCounting/report/images/SingleTrackerGrayExchange01.jpg> 
<C:/Users/SeanGeek/Documents/Visual Studio 2013/Projects/PedestrainDetection/Pe
destrainDetection/PedestrainCounting/report/images/SingleTrackerGrayExchange02.
jpg> <C:/Users/SeanGeek/Documents/Visual Studio 2013/Projects/PedestrainDetecti
on/PedestrainDetection/PedestrainCounting/report/images/SingleTrackerRGIExchang
e01.jpg> <C:/Users/SeanGeek/Documents/Visual Studio 2013/Projects/PedestrainDet
ection/PedestrainDetection/PedestrainCounting/report/images/SingleTrackerRGIExc
hange02.jpg>]
("C:\Users\SeanGeek\Documents\Visual Studio 2013\Projects\PedestrainDetection\P
edestrainDetection\PedestrainCounting\report\FinalReport.bbl")
Package atveryend Info: Empty hook `BeforeClearDocument' on input line 395.
 [7

]
Package atveryend Info: Empty hook `AfterLastShipout' on input line 395.

("C:\Users\SeanGeek\Documents\Visual Studio 2013\Projects\PedestrainDetection\P
edestrainDetection\PedestrainCounting\report\FinalReport.aux")
Package atveryend Info: Executing hook `AtVeryEndDocument' on input line 395.
Package atveryend Info: Executing hook `AtEndAfterFileList' on input line 395.
Package rerunfilecheck Info: File `FinalReport.out' has not changed.
(rerunfilecheck)             Checksum: D41D8CD98F00B204E9800998ECF8427E;0.
 ) 
Here is how much of TeX's memory you used:
 7960 strings out of 495354
 114717 string characters out of 3183859
 252271 words of memory out of 3000000
 10996 multiletter control sequences out of 15000+200000
 9849 words of font info for 36 fonts, out of 3000000 for 9000
 14 hyphenation exceptions out of 8191
 33i,10n,58p,777b,1191s stack positions out of 5000i,500n,10000p,200000b,50000s
<C:/CTEX/MiKTeX/fonts/type1/public/amsfonts/cm/cmbx10.pfb><C:/CTEX/MiKTeX/fon
ts/type1/public/amsfonts/cm/cmbx12.pfb><C:/CTEX/MiKTeX/fonts/type1/public/amsfo
nts/cm/cmex10.pfb><C:/CTEX/MiKTeX/fonts/type1/public/amsfonts/cm/cmmi10.pfb><C:
/CTEX/MiKTeX/fonts/type1/public/amsfonts/cm/cmmi5.pfb><C:/CTEX/MiKTeX/fonts/typ
e1/public/amsfonts/cm/cmmi7.pfb><C:/CTEX/MiKTeX/fonts/type1/public/amsfonts/cm/
cmr10.pfb><C:/CTEX/MiKTeX/fonts/type1/public/amsfonts/cm/cmr12.pfb><C:/CTEX/MiK
TeX/fonts/type1/public/amsfonts/cm/cmr17.pfb><C:/CTEX/MiKTeX/fonts/type1/public
/amsfonts/cm/cmr7.pfb><C:/CTEX/MiKTeX/fonts/type1/public/amsfonts/cm/cmr8.pfb><
C:/CTEX/MiKTeX/fonts/type1/public/amsfonts/cm/cmsy10.pfb><C:/CTEX/MiKTeX/fonts/
type1/public/amsfonts/cm/cmsy7.pfb><C:/CTEX/MiKTeX/fonts/type1/public/amsfonts/
cm/cmti10.pfb><C:/CTEX/MiKTeX/fonts/type1/public/amsfonts/cm/cmtt10.pfb>
Output written on FinalReport.pdf (7 pages, 1015218 bytes).
PDF statistics:
 174 PDF objects out of 1000 (max. 8388607)
 49 named destinations out of 1000 (max. 500000)
 41 words of extra memory for PDF output out of 10000 (max. 10000000)

